# JRE version: Java(TM) SE Runtime Environment (11.0.2+9) (build 11.0.2+9-LTS)
# Java VM: Java HotSpot(TM) 64-Bit Server VM (11.0.2+9-LTS, mixed mode, tiered, compressed oops, g1 gc, windows-amd64)
Heap:
 garbage-first heap   total 78848K, used 13590K [0x00000000c1200000, 0x0000000100000000)
  region size 1024K, 6 young (6144K), 5 survivors (5120K)
 Metaspace       used 35291K, capacity 35713K, committed 35968K, reserved 1081344K
  class space    used 4207K, capacity 4385K, committed 4480K, reserved 1048576K
GC Heap History (10 events):
Event: 2.442 GC heap after
{Heap after GC invocations=1 (full 0):
 garbage-first heap   total 65536K, used 6394K [0x00000000c1200000, 0x0000000100000000)
  region size 1024K, 2 young (2048K), 2 survivors (2048K)
 Metaspace       used 12211K, capacity 12403K, committed 12544K, reserved 1060864K
  class space    used 1146K, capacity 1222K, committed 1280K, reserved 1048576K
}
Event: 2.933 GC heap before
{Heap before GC invocations=1 (full 0):
 garbage-first heap   total 65536K, used 13562K [0x00000000c1200000, 0x0000000100000000)
  region size 1024K, 9 young (9216K), 2 survivors (2048K)
 Metaspace       used 13590K, capacity 13794K, committed 13952K, reserved 1062912K
  class space    used 1292K, capacity 1388K, committed 1408K, reserved 1048576K
}
Event: 2.946 GC heap after
{Heap after GC invocations=2 (full 0):
 garbage-first heap   total 65536K, used 7545K [0x00000000c1200000, 0x0000000100000000)
  region size 1024K, 2 young (2048K), 2 survivors (2048K)
 Metaspace       used 13590K, capacity 13794K, committed 13952K, reserved 1062912K
  class space    used 1292K, capacity 1388K, committed 1408K, reserved 1048576K
}
Event: 3.828 GC heap before
{Heap before GC invocations=2 (full 0):
 garbage-first heap   total 65536K, used 29049K [0x00000000c1200000, 0x0000000100000000)
  region size 1024K, 24 young (24576K), 2 survivors (2048K)
 Metaspace       used 16669K, capacity 16942K, committed 17280K, reserved 1064960K
  class space    used 1704K, capacity 1798K, committed 1920K, reserved 1048576K
}
Event: 3.839 GC heap after
{Heap after GC invocations=3 (full 0):
 garbage-first heap   total 65536K, used 8647K [0x00000000c1200000, 0x0000000100000000)
  region size 1024K, 3 young (3072K), 3 survivors (3072K)
 Metaspace       used 16669K, capacity 16942K, committed 17280K, reserved 1064960K
  class space    used 1704K, capacity 1798K, committed 1920K, reserved 1048576K
}
Event: 4.121 GC heap before
{Heap before GC invocations=3 (full 0):
 garbage-first heap   total 65536K, used 35271K [0x00000000c1200000, 0x0000000100000000)
  region size 1024K, 30 young (30720K), 3 survivors (3072K)
 Metaspace       used 18489K, capacity 18724K, committed 19072K, reserved 1067008K
  class space    used 1980K, capacity 2075K, committed 2176K, reserved 1048576K
}
Event: 4.133 GC heap after
{Heap after GC invocations=4 (full 0):
 garbage-first heap   total 65536K, used 8970K [0x00000000c1200000, 0x0000000100000000)
  region size 1024K, 2 young (2048K), 2 survivors (2048K)
 Metaspace       used 18489K, capacity 18724K, committed 19072K, reserved 1067008K
  class space    used 1980K, capacity 2075K, committed 2176K, reserved 1048576K
}
Event: 4.623 GC heap before
{Heap before GC invocations=4 (full 0):
 garbage-first heap   total 65536K, used 16138K [0x00000000c1200000, 0x0000000100000000)
  region size 1024K, 10 young (10240K), 2 survivors (2048K)
 Metaspace       used 20986K, capacity 21207K, committed 21296K, reserved 1069056K
  class space    used 2344K, capacity 2432K, committed 2432K, reserved 1048576K
}
Event: 4.633 GC heap after
{Heap after GC invocations=5 (full 0):
 garbage-first heap   total 78848K, used 9529K [0x00000000c1200000, 0x0000000100000000)
  region size 1024K, 2 young (2048K), 2 survivors (2048K)
 Metaspace       used 20986K, capacity 21207K, committed 21296K, reserved 1069056K
  class space    used 2344K, capacity 2432K, committed 2432K, reserved 1048576K
}
Event: 6.974 GC heap before
{Heap before GC invocations=6 (full 0):
 garbage-first heap   total 78848K, used 46393K [0x00000000c1200000, 0x0000000100000000)
  region size 1024K, 38 young (38912K), 2 survivors (2048K)
 Metaspace       used 35202K, capacity 35582K, committed 35840K, reserved 1081344K
  class space    used 4192K, capacity 4320K, committed 4352K, reserved 1048576K
}

