# JRE version: Java(TM) SE Runtime Environment (11.0.2+9) (build 11.0.2+9-LTS)
# Java VM: Java HotSpot(TM) 64-Bit Server VM (11.0.2+9-LTS, mixed mode, tiered, compressed oops, g1 gc, windows-amd64)
Heap:
 garbage-first heap   total 78848K, used 33202K [0x00000000c1200000, 0x0000000100000000)
  region size 1024K, 26 young (26624K), 6 survivors (6144K)
 Metaspace       used 41198K, capacity 41586K, committed 41856K, reserved 1085440K
  class space    used 5051K, capacity 5203K, committed 5248K, reserved 1048576K
GC Heap History (10 events):
Event: 1.976 GC heap before
{Heap before GC invocations=1 (full 0):
 garbage-first heap   total 65536K, used 12277K [0x00000000c1200000, 0x0000000100000000)
  region size 1024K, 8 young (8192K), 2 survivors (2048K)
 Metaspace       used 13528K, capacity 13793K, committed 13952K, reserved 1062912K
  class space    used 1290K, capacity 1388K, committed 1408K, reserved 1048576K
}
Event: 1.986 GC heap after
{Heap after GC invocations=2 (full 0):
 garbage-first heap   total 65536K, used 7138K [0x00000000c1200000, 0x0000000100000000)
  region size 1024K, 1 young (1024K), 1 survivors (1024K)
 Metaspace       used 13528K, capacity 13793K, committed 13952K, reserved 1062912K
  class space    used 1290K, capacity 1388K, committed 1408K, reserved 1048576K
}
Event: 2.824 GC heap before
{Heap before GC invocations=2 (full 0):
 garbage-first heap   total 65536K, used 27618K [0x00000000c1200000, 0x0000000100000000)
  region size 1024K, 22 young (22528K), 1 survivors (1024K)
 Metaspace       used 16652K, capacity 16888K, committed 17024K, reserved 1064960K
  class space    used 1706K, capacity 1798K, committed 1920K, reserved 1048576K
}
Event: 2.835 GC heap after
{Heap after GC invocations=3 (full 0):
 garbage-first heap   total 65536K, used 8630K [0x00000000c1200000, 0x0000000100000000)
  region size 1024K, 3 young (3072K), 3 survivors (3072K)
 Metaspace       used 16652K, capacity 16888K, committed 17024K, reserved 1064960K
  class space    used 1706K, capacity 1798K, committed 1920K, reserved 1048576K
}
Event: 2.847 GC heap before
{Heap before GC invocations=3 (full 0):
 garbage-first heap   total 65536K, used 31158K [0x00000000c1200000, 0x0000000100000000)
  region size 1024K, 26 young (26624K), 3 survivors (3072K)
 Metaspace       used 16652K, capacity 16888K, committed 17024K, reserved 1064960K
  class space    used 1706K, capacity 1798K, committed 1920K, reserved 1048576K
}
Event: 2.856 GC heap after
{Heap after GC invocations=4 (full 0):
 garbage-first heap   total 65536K, used 8823K [0x00000000c1200000, 0x0000000100000000)
  region size 1024K, 2 young (2048K), 2 survivors (2048K)
 Metaspace       used 16652K, capacity 16888K, committed 17024K, reserved 1064960K
  class space    used 1706K, capacity 1798K, committed 1920K, reserved 1048576K
}
Event: 3.525 GC heap before
{Heap before GC invocations=4 (full 0):
 garbage-first heap   total 65536K, used 21111K [0x00000000c1200000, 0x0000000100000000)
  region size 1024K, 16 young (16384K), 2 survivors (2048K)
 Metaspace       used 20958K, capacity 21216K, committed 21296K, reserved 1069056K
  class space    used 2347K, capacity 2432K, committed 2432K, reserved 1048576K
}
Event: 3.537 GC heap after
{Heap after GC invocations=5 (full 0):
 garbage-first heap   total 78848K, used 9661K [0x00000000c1200000, 0x0000000100000000)
  region size 1024K, 3 young (3072K), 3 survivors (3072K)
 Metaspace       used 20958K, capacity 21216K, committed 21296K, reserved 1069056K
  class space    used 2347K, capacity 2432K, committed 2432K, reserved 1048576K
}
Event: 5.858 GC heap before
{Heap before GC invocations=6 (full 0):
 garbage-first heap   total 78848K, used 47549K [0x00000000c1200000, 0x0000000100000000)
  region size 1024K, 41 young (41984K), 3 survivors (3072K)
 Metaspace       used 35488K, capacity 35883K, committed 35968K, reserved 1081344K
  class space    used 4235K, capacity 4417K, committed 4480K, reserved 1048576K
}
Event: 5.876 GC heap after
{Heap after GC invocations=7 (full 0):
 garbage-first heap   total 78848K, used 13746K [0x00000000c1200000, 0x0000000100000000)
  region size 1024K, 6 young (6144K), 6 survivors (6144K)
 Metaspace       used 35488K, capacity 35883K, committed 35968K, reserved 1081344K
  class space    used 4235K, capacity 4417K, committed 4480K, reserved 1048576K
}

